c:\users\brandon\source\repos\c++ primer\c++ primer\x64\debug\vc143.pdb
c:\users\brandon\source\repos\c++ primer\c++ primer\x64\debug\vc143.idb
c:\users\brandon\source\repos\c++ primer\c++ primer\x64\debug\c++ primer.obj
c:\users\brandon\source\repos\c++ primer\c++ primer\x64\debug\sales_item.obj
c:\users\brandon\source\repos\c++ primer\x64\debug\c++ primer.pdb
c:\users\brandon\source\repos\c++ primer\c++ primer\x64\debug\c++ primer.tlog\cl.command.1.tlog
c:\users\brandon\source\repos\c++ primer\c++ primer\x64\debug\c++ primer.tlog\cl.read.1.tlog
c:\users\brandon\source\repos\c++ primer\c++ primer\x64\debug\c++ primer.tlog\cl.write.1.tlog
c:\users\brandon\source\repos\c++ primer\c++ primer\x64\debug\c++ primer.tlog\link-cvtres.read.1.tlog
c:\users\brandon\source\repos\c++ primer\c++ primer\x64\debug\c++ primer.tlog\link-cvtres.write.1.tlog
c:\users\brandon\source\repos\c++ primer\c++ primer\x64\debug\c++ primer.tlog\link-rc.read.1.tlog
c:\users\brandon\source\repos\c++ primer\c++ primer\x64\debug\c++ primer.tlog\link-rc.write.1.tlog
c:\users\brandon\source\repos\c++ primer\c++ primer\x64\debug\c++ primer.tlog\link.1760-cvtres.read.1.tlog
c:\users\brandon\source\repos\c++ primer\c++ primer\x64\debug\c++ primer.tlog\link.1760-cvtres.write.1.tlog
c:\users\brandon\source\repos\c++ primer\c++ primer\x64\debug\c++ primer.tlog\link.1760-rc.read.1.tlog
c:\users\brandon\source\repos\c++ primer\c++ primer\x64\debug\c++ primer.tlog\link.1760-rc.write.1.tlog
c:\users\brandon\source\repos\c++ primer\c++ primer\x64\debug\c++ primer.tlog\link.1760.read.1.tlog
c:\users\brandon\source\repos\c++ primer\c++ primer\x64\debug\c++ primer.tlog\link.1760.read.3.tlog
c:\users\brandon\source\repos\c++ primer\c++ primer\x64\debug\c++ primer.tlog\link.1760.write.1.tlog
c:\users\brandon\source\repos\c++ primer\c++ primer\x64\debug\c++ primer.tlog\link.command.1.tlog
c:\users\brandon\source\repos\c++ primer\c++ primer\x64\debug\c++ primer.tlog\link.read.1.tlog
c:\users\brandon\source\repos\c++ primer\c++ primer\x64\debug\c++ primer.tlog\link.read.2.tlog
c:\users\brandon\source\repos\c++ primer\c++ primer\x64\debug\c++ primer.tlog\link.write.1.tlog
